[2023-02-06T17:11:31.623] [INFO] devops-prov.factory - Switching account key to: '1-6JHGX:1-8BYUX'
[2023-02-06T17:11:31.625] [INFO] devops-prov.factory - Switching account key to: '1-6JHGX:1-8BYUX'
[2023-02-06T17:11:31.626] [INFO] devops-prov.factory - Using credentials file: '/Users/ssthapit/.edgerc', section: 'papi'
[2023-02-06T17:12:46.911] [INFO] devops-prov.factory - Switching account key to: '1-6JHGX:1-8BYUX'
[2023-02-06T17:12:46.913] [INFO] devops-prov.factory - Switching account key to: '1-6JHGX:1-8BYUX'
[2023-02-06T17:12:46.913] [INFO] devops-prov.factory - Using credentials file: '/Users/ssthapit/.edgerc', section: 'default'
[2023-02-06T17:13:03.976] [INFO] devops-prov.factory - Switching account key to: '1-6JHGX:1-8BYUX'
[2023-02-06T17:13:03.978] [INFO] devops-prov.factory - Switching account key to: '1-6JHGX:1-8BYUX'
[2023-02-06T17:13:03.978] [INFO] devops-prov.factory - Using credentials file: '/Users/ssthapit/.edgerc', section: 'default'
[2023-02-06T17:13:03.980] [INFO] devops-prov - Setting default client id section to 'default
[2023-02-06T17:13:03.980] [INFO] pm-cli - updating PM CLI settings
[2023-02-06T17:13:03.981] [INFO] devops-prov - Setting account switch key to 'undefined'
[2023-02-06T17:13:03.981] [INFO] pm-cli - updating PM CLI settings
[2023-02-06T17:13:31.424] [INFO] devops-prov.factory - Switching account key to: '1-6JHGX:1-8BYUX'
[2023-02-06T17:13:31.425] [INFO] devops-prov.factory - Switching account key to: '1-6JHGX:1-8BYUX'
[2023-02-06T17:13:31.426] [INFO] devops-prov.factory - Using credentials file: '/Users/ssthapit/.edgerc', section: 'default'
[2023-02-06T17:16:38.730] [INFO] devops-prov.factory - Switching account key to: '1-6JHGX'
[2023-02-06T17:16:38.734] [INFO] devops-prov.factory - Switching account key to: '1-6JHGX'
[2023-02-06T17:16:38.735] [INFO] devops-prov.factory - Using credentials file: '/Users/ssthapit/.edgerc', section: 'default'
[2023-02-06T17:16:38.735] [INFO] devops-prov - Setting default notification emails to 'ssthapit@akamai.com'
[2023-02-06T17:16:38.735] [INFO] pm-cli - updating PM CLI settings
[2023-02-06T17:16:38.736] [INFO] devops-prov - Setting account switch key to 'undefined'
[2023-02-06T17:16:38.736] [INFO] pm-cli - updating PM CLI settings
[2023-02-06T17:28:59.892] [INFO] devops-prov.factory - Switching account key to: 'undefined'
[2023-02-06T17:28:59.895] [INFO] devops-prov.factory - Using credentials file: '/Users/ssthapit/.edgerc', section: 'default'
[2023-02-06T17:29:36.291] [INFO] devops-prov.factory - Switching account key to: 'undefined'
[2023-02-06T17:29:36.292] [INFO] devops-prov.factory - Using credentials file: '/Users/ssthapit/.edgerc', section: 'default'
[2023-02-06T18:01:59.376] [INFO] devops-prov.factory - Switching account key to: 'undefined'
[2023-02-06T18:01:59.380] [INFO] devops-prov.factory - Using credentials file: '/Users/ssthapit/.edgerc', section: 'default'
[2023-02-07T02:08:28.830] [INFO] devops-prov.factory - Switching account key to: 'undefined'
[2023-02-07T02:08:28.832] [INFO] devops-prov.factory - Using credentials file: '/Users/ssthapit/.edgerc', section: 'default'
[2023-02-07T02:10:31.721] [INFO] devops-prov.factory - Switching account key to: 'undefined'
[2023-02-07T02:10:31.722] [INFO] devops-prov.factory - Using credentials file: '/Users/ssthapit/.edgerc', section: 'default'
[2023-02-07T02:11:37.857] [INFO] devops-prov.factory - Switching account key to: '1-6JHGX:1-8BYUX'
[2023-02-07T02:11:37.861] [INFO] devops-prov.factory - Switching account key to: '1-6JHGX:1-8BYUX'
[2023-02-07T02:11:37.861] [INFO] devops-prov.factory - Using credentials file: '/Users/ssthapit/.edgerc', section: 'default'
[2023-02-07T02:12:09.865] [INFO] devops-prov.factory - Switching account key to: '1-6JHGX:1-8BYUX'
[2023-02-07T02:12:09.866] [INFO] devops-prov.factory - Switching account key to: '1-6JHGX:1-8BYUX'
[2023-02-07T02:12:09.866] [INFO] devops-prov.factory - Using credentials file: '/Users/ssthapit/.edgerc', section: 'default'
[2023-02-07T02:12:09.866] [INFO] devops-prov - Setting account switch key to 'undefined'
[2023-02-07T02:12:09.866] [INFO] pm-cli - updating PM CLI settings
[2023-02-07T02:12:09.867] [INFO] devops-prov - Setting default format to 'json'
[2023-02-07T02:12:09.867] [INFO] pm-cli - updating PM CLI settings
[2023-02-07T02:12:45.589] [INFO] devops-prov.factory - Switching account key to: '1-6JHGX:1-8BYUX'
[2023-02-07T02:12:45.591] [INFO] devops-prov.factory - Switching account key to: '1-6JHGX:1-8BYUX'
[2023-02-07T02:12:45.591] [INFO] devops-prov.factory - Using credentials file: '/Users/ssthapit/.edgerc', section: 'default'
[2023-02-07T02:13:10.778] [INFO] devops-prov.factory - Switching account key to: 'undefined'
[2023-02-07T02:13:10.779] [INFO] devops-prov.factory - Using credentials file: '/Users/ssthapit/.edgerc', section: 'default'
[2023-02-07T02:13:26.339] [INFO] devops-prov.factory - Switching account key to: '1-6JHGX:1-8BYUX'
[2023-02-07T02:13:26.341] [INFO] devops-prov.factory - Switching account key to: '1-6JHGX:1-8BYUX'
[2023-02-07T02:13:26.341] [INFO] devops-prov.factory - Using credentials file: '/Users/ssthapit/.edgerc', section: 'default'
[2023-02-07T02:13:52.757] [INFO] devops-prov.factory - Switching account key to: '1-6JHGX:1-8BYUX'
[2023-02-07T02:13:52.759] [INFO] devops-prov.factory - Switching account key to: '1-6JHGX:1-8BYUX'
[2023-02-07T02:13:52.759] [INFO] devops-prov.factory - Using credentials file: '/Users/ssthapit/.edgerc', section: 'default'
[2023-02-07T02:21:09.642] [INFO] devops-prov.factory - Switching account key to: 'undefined'
[2023-02-07T02:21:09.646] [INFO] devops-prov.factory - Using credentials file: '/Users/ssthapit/.edgerc', section: 'default'
[2023-02-07T02:24:10.703] [INFO] devops-prov.factory - Switching account key to: 'undefined'
[2023-02-07T02:24:10.704] [INFO] devops-prov.factory - Using credentials file: '/Users/ssthapit/.edgerc', section: 'default'
[2023-02-07T02:24:28.974] [INFO] devops-prov.factory - Switching account key to: 'undefined'
[2023-02-07T02:24:28.975] [INFO] devops-prov.factory - Using credentials file: '/Users/ssthapit/.edgerc', section: 'default'
[2023-02-07T02:26:17.040] [INFO] devops-prov.factory - Switching account key to: 'undefined'
[2023-02-07T02:26:17.041] [INFO] devops-prov.factory - Using credentials file: '/Users/ssthapit/.edgerc', section: 'default'
[2023-02-07T02:27:26.001] [INFO] devops-prov.factory - Switching account key to: 'undefined'
[2023-02-07T02:27:26.007] [INFO] devops-prov.factory - Using credentials file: '/Users/ssthapit/.edgerc', section: 'default'
[2023-02-07T02:27:26.008] [INFO] devops-prov.factory - need to create papi
[2023-02-07T02:27:26.009] [INFO] devops-prov.openclient - Requesting: POST /papi/v1/search/find-by-value
[2023-02-07T02:27:26.015] [INFO] devops-prov.edgegrid.auth - Unsigned authorization header: EG1-HMAC-SHA256 client_token=akab-pt4plkq5tgbewlra-sm45e4fgmrmwmdk4;access_token=akab-5v2lvh4ars7cwayb-cjtmw2llyzv6gcsc;timestamp=20230207T07:27:26+0000;nonce=10de9c91-0e4f-4031-ae32-01e16235fb0c;

[2023-02-07T02:27:26.016] [INFO] devops-prov.edgegrid.helpers - Body is "{"propertyName":"prod.saugat_aac"}"
[2023-02-07T02:27:26.016] [DEBUG] devops-prov.edgegrid.helpers - PREPARED BODY LENGTH 34
[2023-02-07T02:27:26.016] [INFO] devops-prov.edgegrid.helpers - Signing content: "{"propertyName":"prod.saugat_aac"}"
[2023-02-07T02:27:26.016] [DEBUG] devops-prov.edgegrid.helpers - PREPARED BODY {"propertyName":"prod.saugat_aac"}
[2023-02-07T02:27:26.020] [INFO] devops-prov.edgegrid.helpers - Content hash is "ChkopRNII5Ew895jZb5UufHPgrMUAWMlu2S646HDOMQ="
[2023-02-07T02:27:26.020] [INFO] devops-prov.edgegrid.helpers - Data to sign: "POST	https	akab-numzaxpgbyoaqv2t-vq6oupp3eexdfws7.luna.akamaiapis.net	/papi/v1/search/find-by-value		ChkopRNII5Ew895jZb5UufHPgrMUAWMlu2S646HDOMQ=	EG1-HMAC-SHA256 client_token=akab-pt4plkq5tgbewlra-sm45e4fgmrmwmdk4;access_token=akab-5v2lvh4ars7cwayb-cjtmw2llyzv6gcsc;timestamp=20230207T07:27:26+0000;nonce=10de9c91-0e4f-4031-ae32-01e16235fb0c;" 

[2023-02-07T02:27:26.021] [INFO] devops-prov.edgegrid.helpers - Signing key: ZYoYQRp7zsqQ9i2Z+AaXhLMGat9A9VF4u89YXHJ9mAQ=

[2023-02-07T02:27:26.021] [INFO] devops-prov.edgegrid.auth - Signed authorization header: EG1-HMAC-SHA256 client_token=akab-pt4plkq5tgbewlra-sm45e4fgmrmwmdk4;access_token=akab-5v2lvh4ars7cwayb-cjtmw2llyzv6gcsc;timestamp=20230207T07:27:26+0000;nonce=10de9c91-0e4f-4031-ae32-01e16235fb0c;signature=OKTzshHa/Z/hk/ajeZPgQyNM344R5yBYDTTuAni0BdE=

[2023-02-07T02:27:26.054] [INFO] devops-prov.edgegrid - request {
  debugId: 1,
  uri: 'https://akab-numzaxpgbyoaqv2t-vq6oupp3eexdfws7.luna.akamaiapis.net/papi/v1/search/find-by-value',
  method: 'POST',
  headers: {
    'X-User-Agent': 'Akamai-PD; Version=0.7.8-RELEASE;pm-cli;',
    'User-Agent': 'Akamai-PD; Version=0.7.8-RELEASE;pm-cli;',
    'Content-Type': 'application/json',
    Authorization: 'EG1-HMAC-SHA256 client_token=akab-pt4plkq5tgbewlra-sm45e4fgmrmwmdk4;access_token=akab-5v2lvh4ars7cwayb-cjtmw2llyzv6gcsc;timestamp=20230207T07:27:26+0000;nonce=10de9c91-0e4f-4031-ae32-01e16235fb0c;signature=OKTzshHa/Z/hk/ajeZPgQyNM344R5yBYDTTuAni0BdE=',
    host: 'akab-numzaxpgbyoaqv2t-vq6oupp3eexdfws7.luna.akamaiapis.net',
    'content-length': 34
  },
  body: '{"propertyName":"prod.saugat_aac"}'
}
[2023-02-07T02:27:27.139] [INFO] devops-prov.edgegrid - response {
  debugId: 1,
  headers: {
    server: 'nginx',
    'content-type': 'application/json;charset=UTF-8',
    'x-ids-session-id': 'f1f2cdcd-005d-4bf9-b4bd-fe161341feef, f1f2cdcd-005d-4bf9-b4bd-fe161341feef',
    'papi-cache-status': 'CACHE_MISS',
    vary: 'accept-encoding',
    'x-trace-id': 'ba5263e1fd5ebd2d',
    'content-length': '42',
    date: 'Tue, 07 Feb 2023 07:27:27 GMT',
    connection: 'close'
  },
  statusCode: 200,
  body: '{\n  "versions" : {\n    "items" : [ ]\n  }\n}'
}
[2023-02-07T02:27:27.139] [INFO] devops-prov.openclient - Status code:  200
[2023-02-07T02:27:27.139] [INFO] devops-prov.openclient - Body:  {
  "versions" : {
    "items" : [ ]
  }
}
[2023-02-07T02:27:52.379] [INFO] devops-prov.factory - Switching account key to: 'undefined'
[2023-02-07T02:27:52.380] [INFO] devops-prov.factory - Using credentials file: '/Users/ssthapit/.edgerc', section: 'default'
[2023-02-07T02:27:52.381] [INFO] devops-prov.factory - need to create papi
[2023-02-07T02:27:52.382] [INFO] devops-prov.openclient - Requesting: POST /papi/v1/search/find-by-value
[2023-02-07T02:27:52.385] [INFO] devops-prov.edgegrid.auth - Unsigned authorization header: EG1-HMAC-SHA256 client_token=akab-pt4plkq5tgbewlra-sm45e4fgmrmwmdk4;access_token=akab-5v2lvh4ars7cwayb-cjtmw2llyzv6gcsc;timestamp=20230207T07:27:52+0000;nonce=f36e39f9-514d-4eaa-b191-fe5316818d0e;

[2023-02-07T02:27:52.385] [INFO] devops-prov.edgegrid.helpers - Body is "{"propertyName":"qa.saugat_aac"}"
[2023-02-07T02:27:52.385] [DEBUG] devops-prov.edgegrid.helpers - PREPARED BODY LENGTH 32
[2023-02-07T02:27:52.386] [INFO] devops-prov.edgegrid.helpers - Signing content: "{"propertyName":"qa.saugat_aac"}"
[2023-02-07T02:27:52.386] [DEBUG] devops-prov.edgegrid.helpers - PREPARED BODY {"propertyName":"qa.saugat_aac"}
[2023-02-07T02:27:52.386] [INFO] devops-prov.edgegrid.helpers - Content hash is "QODVHdzGtTBNsT/Pn0jVlFwr7ALcOgXp2DL22ZEdXWo="
[2023-02-07T02:27:52.386] [INFO] devops-prov.edgegrid.helpers - Data to sign: "POST	https	akab-numzaxpgbyoaqv2t-vq6oupp3eexdfws7.luna.akamaiapis.net	/papi/v1/search/find-by-value		QODVHdzGtTBNsT/Pn0jVlFwr7ALcOgXp2DL22ZEdXWo=	EG1-HMAC-SHA256 client_token=akab-pt4plkq5tgbewlra-sm45e4fgmrmwmdk4;access_token=akab-5v2lvh4ars7cwayb-cjtmw2llyzv6gcsc;timestamp=20230207T07:27:52+0000;nonce=f36e39f9-514d-4eaa-b191-fe5316818d0e;" 

[2023-02-07T02:27:52.387] [INFO] devops-prov.edgegrid.helpers - Signing key: KiYAlmGxb5aG574q2ZPIh9zCsArEYtd6c6qZJp97JyM=

[2023-02-07T02:27:52.387] [INFO] devops-prov.edgegrid.auth - Signed authorization header: EG1-HMAC-SHA256 client_token=akab-pt4plkq5tgbewlra-sm45e4fgmrmwmdk4;access_token=akab-5v2lvh4ars7cwayb-cjtmw2llyzv6gcsc;timestamp=20230207T07:27:52+0000;nonce=f36e39f9-514d-4eaa-b191-fe5316818d0e;signature=9LXHhXUwit4sd0kPKGyCrVploGZQKvhZR7/lTTvG7Qw=

[2023-02-07T02:27:52.405] [INFO] devops-prov.edgegrid - request {
  debugId: 1,
  uri: 'https://akab-numzaxpgbyoaqv2t-vq6oupp3eexdfws7.luna.akamaiapis.net/papi/v1/search/find-by-value',
  method: 'POST',
  headers: {
    'X-User-Agent': 'Akamai-PD; Version=0.7.8-RELEASE;pm-cli;',
    'User-Agent': 'Akamai-PD; Version=0.7.8-RELEASE;pm-cli;',
    'Content-Type': 'application/json',
    Authorization: 'EG1-HMAC-SHA256 client_token=akab-pt4plkq5tgbewlra-sm45e4fgmrmwmdk4;access_token=akab-5v2lvh4ars7cwayb-cjtmw2llyzv6gcsc;timestamp=20230207T07:27:52+0000;nonce=f36e39f9-514d-4eaa-b191-fe5316818d0e;signature=9LXHhXUwit4sd0kPKGyCrVploGZQKvhZR7/lTTvG7Qw=',
    host: 'akab-numzaxpgbyoaqv2t-vq6oupp3eexdfws7.luna.akamaiapis.net',
    'content-length': 32
  },
  body: '{"propertyName":"qa.saugat_aac"}'
}
[2023-02-07T02:27:53.250] [INFO] devops-prov.edgegrid - response {
  debugId: 1,
  headers: {
    server: 'nginx',
    'content-type': 'application/json;charset=UTF-8',
    'x-ids-session-id': '0cfd2e39-8b4b-48c2-9452-55686d6d217b, 0cfd2e39-8b4b-48c2-9452-55686d6d217b',
    'papi-cache-status': 'CACHE_MISS',
    vary: 'accept-encoding',
    'x-trace-id': 'bb6e63e1fd78bd9b',
    'content-length': '42',
    date: 'Tue, 07 Feb 2023 07:27:53 GMT',
    connection: 'close'
  },
  statusCode: 200,
  body: '{\n  "versions" : {\n    "items" : [ ]\n  }\n}'
}
[2023-02-07T02:27:53.251] [INFO] devops-prov.openclient - Status code:  200
[2023-02-07T02:27:53.251] [INFO] devops-prov.openclient - Body:  {
  "versions" : {
    "items" : [ ]
  }
}
[2023-02-07T02:28:10.461] [INFO] devops-prov.factory - Switching account key to: 'undefined'
[2023-02-07T02:28:10.462] [INFO] devops-prov.factory - Using credentials file: '/Users/ssthapit/.edgerc', section: 'default'
[2023-02-07T02:28:36.579] [INFO] devops-prov.factory - Switching account key to: 'undefined'
[2023-02-07T02:28:36.580] [INFO] devops-prov.factory - Using credentials file: '/Users/ssthapit/.edgerc', section: 'default'
[2023-02-07T02:28:39.198] [INFO] devops-prov.factory - Switching account key to: 'undefined'
[2023-02-07T02:28:39.199] [INFO] devops-prov.factory - Using credentials file: '/Users/ssthapit/.edgerc', section: 'default'
[2023-02-07T02:29:08.299] [INFO] devops-prov.factory - Switching account key to: '1-6JHGX:1-8BYUX'
[2023-02-07T02:29:08.303] [INFO] devops-prov.factory - Switching account key to: '1-6JHGX:1-8BYUX'
[2023-02-07T02:29:08.303] [INFO] devops-prov.factory - Using credentials file: '/Users/ssthapit/.edgerc', section: 'default'
[2023-02-07T02:29:08.303] [INFO] devops-prov.factory - need to create papi
[2023-02-07T02:29:08.305] [INFO] devops-prov.openclient - Requesting: POST /papi/v1/search/find-by-value
[2023-02-07T02:29:08.310] [INFO] devops-prov.edgegrid.auth - Unsigned authorization header: EG1-HMAC-SHA256 client_token=akab-pt4plkq5tgbewlra-sm45e4fgmrmwmdk4;access_token=akab-5v2lvh4ars7cwayb-cjtmw2llyzv6gcsc;timestamp=20230207T07:29:08+0000;nonce=fc4d619f-f46b-4c6b-bc7a-98167a942d93;

[2023-02-07T02:29:08.310] [INFO] devops-prov.edgegrid.helpers - Body is "{"propertyName":"qa.saugat_aac"}"
[2023-02-07T02:29:08.310] [DEBUG] devops-prov.edgegrid.helpers - PREPARED BODY LENGTH 32
[2023-02-07T02:29:08.311] [INFO] devops-prov.edgegrid.helpers - Signing content: "{"propertyName":"qa.saugat_aac"}"
[2023-02-07T02:29:08.311] [DEBUG] devops-prov.edgegrid.helpers - PREPARED BODY {"propertyName":"qa.saugat_aac"}
[2023-02-07T02:29:08.311] [INFO] devops-prov.edgegrid.helpers - Content hash is "QODVHdzGtTBNsT/Pn0jVlFwr7ALcOgXp2DL22ZEdXWo="
[2023-02-07T02:29:08.311] [INFO] devops-prov.edgegrid.helpers - Data to sign: "POST	https	akab-numzaxpgbyoaqv2t-vq6oupp3eexdfws7.luna.akamaiapis.net	/papi/v1/search/find-by-value?accountSwitchKey=1-6JHGX:1-8BYUX		QODVHdzGtTBNsT/Pn0jVlFwr7ALcOgXp2DL22ZEdXWo=	EG1-HMAC-SHA256 client_token=akab-pt4plkq5tgbewlra-sm45e4fgmrmwmdk4;access_token=akab-5v2lvh4ars7cwayb-cjtmw2llyzv6gcsc;timestamp=20230207T07:29:08+0000;nonce=fc4d619f-f46b-4c6b-bc7a-98167a942d93;" 

[2023-02-07T02:29:08.312] [INFO] devops-prov.edgegrid.helpers - Signing key: RsuYNMfNQFa0LK+83gdtpOqwitT6g5uobseFV30SQ8M=

[2023-02-07T02:29:08.312] [INFO] devops-prov.edgegrid.auth - Signed authorization header: EG1-HMAC-SHA256 client_token=akab-pt4plkq5tgbewlra-sm45e4fgmrmwmdk4;access_token=akab-5v2lvh4ars7cwayb-cjtmw2llyzv6gcsc;timestamp=20230207T07:29:08+0000;nonce=fc4d619f-f46b-4c6b-bc7a-98167a942d93;signature=CFOo9QwPR9DrvSDJr4Oi/flJw7CM5ed6Bk19Au1xBts=

[2023-02-07T02:29:08.339] [INFO] devops-prov.edgegrid - request {
  debugId: 1,
  uri: 'https://akab-numzaxpgbyoaqv2t-vq6oupp3eexdfws7.luna.akamaiapis.net/papi/v1/search/find-by-value?accountSwitchKey=1-6JHGX:1-8BYUX',
  method: 'POST',
  headers: {
    'X-User-Agent': 'Akamai-PD; Version=0.7.8-RELEASE;pm-cli;',
    'User-Agent': 'Akamai-PD; Version=0.7.8-RELEASE;pm-cli;',
    'Content-Type': 'application/json',
    Authorization: 'EG1-HMAC-SHA256 client_token=akab-pt4plkq5tgbewlra-sm45e4fgmrmwmdk4;access_token=akab-5v2lvh4ars7cwayb-cjtmw2llyzv6gcsc;timestamp=20230207T07:29:08+0000;nonce=fc4d619f-f46b-4c6b-bc7a-98167a942d93;signature=CFOo9QwPR9DrvSDJr4Oi/flJw7CM5ed6Bk19Au1xBts=',
    host: 'akab-numzaxpgbyoaqv2t-vq6oupp3eexdfws7.luna.akamaiapis.net',
    'content-length': 32
  },
  body: '{"propertyName":"qa.saugat_aac"}'
}
[2023-02-07T02:29:09.925] [INFO] devops-prov.edgegrid - response {
  debugId: 1,
  headers: {
    server: 'nginx',
    'content-type': 'application/json;charset=UTF-8',
    'x-ids-session-id': 'b3b54258-af0a-4e69-b3e4-6dd6ce967650, b3b54258-af0a-4e69-b3e4-6dd6ce967650',
    'papi-cache-status': 'CACHE_MISS',
    vary: 'accept-encoding',
    'x-trace-id': 'c12863e1fdc4c4fa',
    'content-length': '451',
    date: 'Tue, 07 Feb 2023 07:29:09 GMT',
    connection: 'close'
  },
  statusCode: 200,
  body: '{\n' +
    '  "versions" : {\n' +
    '    "items" : [ {\n' +
    '      "accountId" : "act_1-6JHGX",\n' +
    '      "contractId" : "ctr_1-1NC95D",\n' +
    '      "assetId" : "aid_11118444",\n' +
    '      "groupId" : "grp_229585",\n' +
    '      "propertyId" : "prp_882559",\n' +
    '      "propertyName" : "qa.saugat_aac",\n' +
    '      "propertyVersion" : 2,\n' +
    '      "updatedByUser" : "ssthapit",\n' +
    '      "updatedDate" : "2023-02-07T06:58:52Z",\n' +
    '      "productionStatus" : "INACTIVE",\n' +
    '      "stagingStatus" : "DEACTIVATED"\n' +
    '    } ]\n' +
    '  }\n' +
    '}'
}
[2023-02-07T02:29:09.925] [INFO] devops-prov.openclient - Status code:  200
[2023-02-07T02:29:09.925] [INFO] devops-prov.openclient - Body:  {
  "versions" : {
    "items" : [ {
      "accountId" : "act_1-6JHGX",
      "contractId" : "ctr_1-1NC95D",
      "assetId" : "aid_11118444",
      "groupId" : "grp_229585",
      "propertyId" : "prp_882559",
      "propertyName" : "qa.saugat_aac",
      "propertyVersion" : 2,
      "updatedByUser" : "ssthapit",
      "updatedDate" : "2023-02-07T06:58:52Z",
      "productionStatus" : "INACTIVE",
      "stagingStatus" : "DEACTIVATED"
    } ]
  }
}
[2023-02-07T02:30:49.357] [INFO] devops-prov.factory - Switching account key to: '1-6JHGX:1-8BYUX'
[2023-02-07T02:30:49.359] [INFO] devops-prov.factory - Switching account key to: '1-6JHGX:1-8BYUX'
[2023-02-07T02:30:49.360] [INFO] devops-prov.factory - Using credentials file: '/Users/ssthapit/.edgerc', section: 'default'
[2023-02-07T02:30:49.360] [INFO] devops-prov.factory - need to create papi
[2023-02-07T02:30:49.362] [INFO] devops-prov.openclient - Requesting: POST /papi/v1/search/find-by-value
[2023-02-07T02:30:49.366] [INFO] devops-prov.edgegrid.auth - Unsigned authorization header: EG1-HMAC-SHA256 client_token=akab-pt4plkq5tgbewlra-sm45e4fgmrmwmdk4;access_token=akab-5v2lvh4ars7cwayb-cjtmw2llyzv6gcsc;timestamp=20230207T07:30:49+0000;nonce=73f5c429-b918-4d92-a1ad-c7bff2421b6d;

[2023-02-07T02:30:49.366] [INFO] devops-prov.edgegrid.helpers - Body is "{"propertyName":"prod.saugat_aac"}"
[2023-02-07T02:30:49.366] [DEBUG] devops-prov.edgegrid.helpers - PREPARED BODY LENGTH 34
[2023-02-07T02:30:49.367] [INFO] devops-prov.edgegrid.helpers - Signing content: "{"propertyName":"prod.saugat_aac"}"
[2023-02-07T02:30:49.367] [DEBUG] devops-prov.edgegrid.helpers - PREPARED BODY {"propertyName":"prod.saugat_aac"}
[2023-02-07T02:30:49.367] [INFO] devops-prov.edgegrid.helpers - Content hash is "ChkopRNII5Ew895jZb5UufHPgrMUAWMlu2S646HDOMQ="
[2023-02-07T02:30:49.367] [INFO] devops-prov.edgegrid.helpers - Data to sign: "POST	https	akab-numzaxpgbyoaqv2t-vq6oupp3eexdfws7.luna.akamaiapis.net	/papi/v1/search/find-by-value?accountSwitchKey=1-6JHGX:1-8BYUX		ChkopRNII5Ew895jZb5UufHPgrMUAWMlu2S646HDOMQ=	EG1-HMAC-SHA256 client_token=akab-pt4plkq5tgbewlra-sm45e4fgmrmwmdk4;access_token=akab-5v2lvh4ars7cwayb-cjtmw2llyzv6gcsc;timestamp=20230207T07:30:49+0000;nonce=73f5c429-b918-4d92-a1ad-c7bff2421b6d;" 

[2023-02-07T02:30:49.368] [INFO] devops-prov.edgegrid.helpers - Signing key: nMvbet7174KpnP+FKKEYQlNVk6nHaZRdVfjCzrOr8aU=

[2023-02-07T02:30:49.368] [INFO] devops-prov.edgegrid.auth - Signed authorization header: EG1-HMAC-SHA256 client_token=akab-pt4plkq5tgbewlra-sm45e4fgmrmwmdk4;access_token=akab-5v2lvh4ars7cwayb-cjtmw2llyzv6gcsc;timestamp=20230207T07:30:49+0000;nonce=73f5c429-b918-4d92-a1ad-c7bff2421b6d;signature=h8/ck+W8MNLPDJKQXNzhThOLbrBewo8T2gA2tWffewk=

[2023-02-07T02:30:49.390] [INFO] devops-prov.edgegrid - request {
  debugId: 1,
  uri: 'https://akab-numzaxpgbyoaqv2t-vq6oupp3eexdfws7.luna.akamaiapis.net/papi/v1/search/find-by-value?accountSwitchKey=1-6JHGX:1-8BYUX',
  method: 'POST',
  headers: {
    'X-User-Agent': 'Akamai-PD; Version=0.7.8-RELEASE;pm-cli;',
    'User-Agent': 'Akamai-PD; Version=0.7.8-RELEASE;pm-cli;',
    'Content-Type': 'application/json',
    Authorization: 'EG1-HMAC-SHA256 client_token=akab-pt4plkq5tgbewlra-sm45e4fgmrmwmdk4;access_token=akab-5v2lvh4ars7cwayb-cjtmw2llyzv6gcsc;timestamp=20230207T07:30:49+0000;nonce=73f5c429-b918-4d92-a1ad-c7bff2421b6d;signature=h8/ck+W8MNLPDJKQXNzhThOLbrBewo8T2gA2tWffewk=',
    host: 'akab-numzaxpgbyoaqv2t-vq6oupp3eexdfws7.luna.akamaiapis.net',
    'content-length': 34
  },
  body: '{"propertyName":"prod.saugat_aac"}'
}
[2023-02-07T02:30:50.792] [INFO] devops-prov.edgegrid - response {
  debugId: 1,
  headers: {
    server: 'nginx',
    'content-type': 'application/json;charset=UTF-8',
    'x-ids-session-id': '248b3d95-93ae-49dc-9b4e-456e3b2c3760, 248b3d95-93ae-49dc-9b4e-456e3b2c3760',
    'papi-cache-status': 'CACHE_MISS',
    vary: 'accept-encoding',
    'x-trace-id': 'c72b63e1fe27bd41',
    'content-length': '453',
    date: 'Tue, 07 Feb 2023 07:30:50 GMT',
    connection: 'close'
  },
  statusCode: 200,
  body: '{\n' +
    '  "versions" : {\n' +
    '    "items" : [ {\n' +
    '      "accountId" : "act_1-6JHGX",\n' +
    '      "contractId" : "ctr_1-1NC95D",\n' +
    '      "assetId" : "aid_11117476",\n' +
    '      "groupId" : "grp_229585",\n' +
    '      "propertyId" : "prp_881724",\n' +
    '      "propertyName" : "prod.saugat_aac",\n' +
    '      "propertyVersion" : 2,\n' +
    '      "updatedByUser" : "ssthapit",\n' +
    '      "updatedDate" : "2023-02-07T06:54:15Z",\n' +
    '      "productionStatus" : "INACTIVE",\n' +
    '      "stagingStatus" : "DEACTIVATED"\n' +
    '    } ]\n' +
    '  }\n' +
    '}'
}
[2023-02-07T02:30:50.793] [INFO] devops-prov.openclient - Status code:  200
[2023-02-07T02:30:50.793] [INFO] devops-prov.openclient - Body:  {
  "versions" : {
    "items" : [ {
      "accountId" : "act_1-6JHGX",
      "contractId" : "ctr_1-1NC95D",
      "assetId" : "aid_11117476",
      "groupId" : "grp_229585",
      "propertyId" : "prp_881724",
      "propertyName" : "prod.saugat_aac",
      "propertyVersion" : 2,
      "updatedByUser" : "ssthapit",
      "updatedDate" : "2023-02-07T06:54:15Z",
      "productionStatus" : "INACTIVE",
      "stagingStatus" : "DEACTIVATED"
    } ]
  }
}
[2023-02-07T02:32:25.251] [INFO] devops-prov.factory - Switching account key to: 'undefined'
[2023-02-07T02:32:25.252] [INFO] devops-prov.factory - Using credentials file: '/Users/ssthapit/.edgerc', section: 'default'
[2023-02-07T02:32:48.385] [INFO] devops-prov.factory - Switching account key to: 'undefined'
[2023-02-07T02:32:48.389] [INFO] devops-prov.factory - Using credentials file: '/Users/ssthapit/.edgerc', section: 'default'
[2023-02-07T02:33:04.831] [INFO] devops-prov.factory - Switching account key to: 'undefined'
[2023-02-07T02:33:04.833] [INFO] devops-prov.factory - Using credentials file: '/Users/ssthapit/.edgerc', section: 'default'
[2023-02-07T02:33:31.358] [INFO] devops-prov.factory - Switching account key to: 'undefined'
[2023-02-07T02:33:31.360] [INFO] devops-prov.factory - Using credentials file: '/Users/ssthapit/.edgerc', section: 'default'
[2023-02-07T02:33:31.360] [INFO] devops-prov.factory - need to create papi
[2023-02-07T02:33:31.362] [INFO] devops-prov.openclient - Requesting: GET /papi/v1/properties/881724/versions/latest
[2023-02-07T02:33:31.366] [INFO] devops-prov.edgegrid.auth - Unsigned authorization header: EG1-HMAC-SHA256 client_token=akab-pt4plkq5tgbewlra-sm45e4fgmrmwmdk4;access_token=akab-5v2lvh4ars7cwayb-cjtmw2llyzv6gcsc;timestamp=20230207T07:33:31+0000;nonce=b31ac3ff-5818-4bce-98ef-70e9d37d227a;

[2023-02-07T02:33:31.366] [INFO] devops-prov.edgegrid.helpers - Body is ""
[2023-02-07T02:33:31.366] [DEBUG] devops-prov.edgegrid.helpers - PREPARED BODY LENGTH 0
[2023-02-07T02:33:31.367] [INFO] devops-prov.edgegrid.helpers - Data to sign: "GET	https	akab-numzaxpgbyoaqv2t-vq6oupp3eexdfws7.luna.akamaiapis.net	/papi/v1/properties/881724/versions/latest			EG1-HMAC-SHA256 client_token=akab-pt4plkq5tgbewlra-sm45e4fgmrmwmdk4;access_token=akab-5v2lvh4ars7cwayb-cjtmw2llyzv6gcsc;timestamp=20230207T07:33:31+0000;nonce=b31ac3ff-5818-4bce-98ef-70e9d37d227a;" 

[2023-02-07T02:33:31.367] [INFO] devops-prov.edgegrid.helpers - Signing key: wk9lWQ3cobPc2Gwrd3ZnH/eoVtCEnz9d0+KAiXTmhHM=

[2023-02-07T02:33:31.367] [INFO] devops-prov.edgegrid.auth - Signed authorization header: EG1-HMAC-SHA256 client_token=akab-pt4plkq5tgbewlra-sm45e4fgmrmwmdk4;access_token=akab-5v2lvh4ars7cwayb-cjtmw2llyzv6gcsc;timestamp=20230207T07:33:31+0000;nonce=b31ac3ff-5818-4bce-98ef-70e9d37d227a;signature=u/+VxGPuqGF9fJDHvuE2oSSLD9sRXF2d4KASbmZ3u9E=

[2023-02-07T02:33:31.397] [INFO] devops-prov.edgegrid - request {
  debugId: 1,
  uri: 'https://akab-numzaxpgbyoaqv2t-vq6oupp3eexdfws7.luna.akamaiapis.net/papi/v1/properties/881724/versions/latest',
  method: 'GET',
  headers: {
    'X-User-Agent': 'Akamai-PD; Version=0.7.8-RELEASE;pm-cli;',
    'User-Agent': 'Akamai-PD; Version=0.7.8-RELEASE;pm-cli;',
    Authorization: 'EG1-HMAC-SHA256 client_token=akab-pt4plkq5tgbewlra-sm45e4fgmrmwmdk4;access_token=akab-5v2lvh4ars7cwayb-cjtmw2llyzv6gcsc;timestamp=20230207T07:33:31+0000;nonce=b31ac3ff-5818-4bce-98ef-70e9d37d227a;signature=u/+VxGPuqGF9fJDHvuE2oSSLD9sRXF2d4KASbmZ3u9E=',
    host: 'akab-numzaxpgbyoaqv2t-vq6oupp3eexdfws7.luna.akamaiapis.net'
  }
}
[2023-02-07T02:33:31.997] [INFO] devops-prov.edgegrid - response {
  debugId: 1,
  headers: {
    server: 'nginx',
    'content-type': 'application/problem+json;charset=UTF-8',
    'x-ids-session-id': '601a9eab-32e0-486e-9e39-af4bebb84446, 601a9eab-32e0-486e-9e39-af4bebb84446',
    'papi-cache-status': 'CACHE_MISS',
    'content-language': 'en',
    vary: 'Accept,Accept-Language, Accept-Encoding',
    'x-trace-id': 'c99b63e1fecbbdc4',
    'content-length': '356',
    date: 'Tue, 07 Feb 2023 07:33:31 GMT',
    connection: 'close'
  },
  statusCode: 403,
  body: '{\n' +
    '  "type" : "https://problems.luna.akamaiapis.net/papi/v0/http/forbidden",\n' +
    '  "title" : "Forbidden",\n' +
    '  "detail" : "The authorization token you provided does not allow access to this resource.",\n' +
    '  "instance" : "https://akab-numzaxpgbyoaqv2t-vq6oupp3eexdfws7.luna.akamaiapis.net/papi/v1/properties/881724/versions/latest#c99b63e1fecbbdc4",\n' +
    '  "status" : 403\n' +
    '}'
}
[2023-02-07T02:33:31.997] [ERROR] devops-prov.openclient - request failure, status code: '403', response body:  {
  "type" : "https://problems.luna.akamaiapis.net/papi/v0/http/forbidden",
  "title" : "Forbidden",
  "detail" : "The authorization token you provided does not allow access to this resource.",
  "instance" : "https://akab-numzaxpgbyoaqv2t-vq6oupp3eexdfws7.luna.akamaiapis.net/papi/v1/properties/881724/versions/latest#c99b63e1fecbbdc4",
  "status" : 403
}
[2023-02-07T02:37:26.144] [INFO] devops-prov.factory - Switching account key to: '1-6JHGX:1-8BYUX'
[2023-02-07T02:37:26.145] [INFO] devops-prov.factory - Switching account key to: '1-6JHGX:1-8BYUX'
[2023-02-07T02:37:26.146] [INFO] devops-prov.factory - Using credentials file: '/Users/ssthapit/.edgerc', section: 'default'
[2023-02-07T02:37:26.146] [INFO] devops-prov.factory - need to create papi
[2023-02-07T02:37:26.147] [INFO] devops-prov.openclient - Requesting: POST /papi/v1/search/find-by-value
[2023-02-07T02:37:26.151] [INFO] devops-prov.edgegrid.auth - Unsigned authorization header: EG1-HMAC-SHA256 client_token=akab-pt4plkq5tgbewlra-sm45e4fgmrmwmdk4;access_token=akab-5v2lvh4ars7cwayb-cjtmw2llyzv6gcsc;timestamp=20230207T07:37:26+0000;nonce=b36aaa57-1042-42f4-a515-0d5a2860303f;

[2023-02-07T02:37:26.152] [INFO] devops-prov.edgegrid.helpers - Body is "{"propertyName":"qa.saugat_aac"}"
[2023-02-07T02:37:26.152] [DEBUG] devops-prov.edgegrid.helpers - PREPARED BODY LENGTH 32
[2023-02-07T02:37:26.152] [INFO] devops-prov.edgegrid.helpers - Signing content: "{"propertyName":"qa.saugat_aac"}"
[2023-02-07T02:37:26.152] [DEBUG] devops-prov.edgegrid.helpers - PREPARED BODY {"propertyName":"qa.saugat_aac"}
[2023-02-07T02:37:26.153] [INFO] devops-prov.edgegrid.helpers - Content hash is "QODVHdzGtTBNsT/Pn0jVlFwr7ALcOgXp2DL22ZEdXWo="
[2023-02-07T02:37:26.153] [INFO] devops-prov.edgegrid.helpers - Data to sign: "POST	https	akab-numzaxpgbyoaqv2t-vq6oupp3eexdfws7.luna.akamaiapis.net	/papi/v1/search/find-by-value?accountSwitchKey=1-6JHGX:1-8BYUX		QODVHdzGtTBNsT/Pn0jVlFwr7ALcOgXp2DL22ZEdXWo=	EG1-HMAC-SHA256 client_token=akab-pt4plkq5tgbewlra-sm45e4fgmrmwmdk4;access_token=akab-5v2lvh4ars7cwayb-cjtmw2llyzv6gcsc;timestamp=20230207T07:37:26+0000;nonce=b36aaa57-1042-42f4-a515-0d5a2860303f;" 

[2023-02-07T02:37:26.153] [INFO] devops-prov.edgegrid.helpers - Signing key: /tUL4ritIWoB1bTFDMagg3xfkyuuuYlQRFdkYVA+gnc=

[2023-02-07T02:37:26.153] [INFO] devops-prov.edgegrid.auth - Signed authorization header: EG1-HMAC-SHA256 client_token=akab-pt4plkq5tgbewlra-sm45e4fgmrmwmdk4;access_token=akab-5v2lvh4ars7cwayb-cjtmw2llyzv6gcsc;timestamp=20230207T07:37:26+0000;nonce=b36aaa57-1042-42f4-a515-0d5a2860303f;signature=6xy/NRvlxaCD4R2sW9neZS/zMNkn2uMskZvBzzSp+xs=

[2023-02-07T02:37:26.174] [INFO] devops-prov.edgegrid - request {
  debugId: 1,
  uri: 'https://akab-numzaxpgbyoaqv2t-vq6oupp3eexdfws7.luna.akamaiapis.net/papi/v1/search/find-by-value?accountSwitchKey=1-6JHGX:1-8BYUX',
  method: 'POST',
  headers: {
    'X-User-Agent': 'Akamai-PD; Version=0.7.8-RELEASE;pm-cli;',
    'User-Agent': 'Akamai-PD; Version=0.7.8-RELEASE;pm-cli;',
    'Content-Type': 'application/json',
    Authorization: 'EG1-HMAC-SHA256 client_token=akab-pt4plkq5tgbewlra-sm45e4fgmrmwmdk4;access_token=akab-5v2lvh4ars7cwayb-cjtmw2llyzv6gcsc;timestamp=20230207T07:37:26+0000;nonce=b36aaa57-1042-42f4-a515-0d5a2860303f;signature=6xy/NRvlxaCD4R2sW9neZS/zMNkn2uMskZvBzzSp+xs=',
    host: 'akab-numzaxpgbyoaqv2t-vq6oupp3eexdfws7.luna.akamaiapis.net',
    'content-length': 32
  },
  body: '{"propertyName":"qa.saugat_aac"}'
}
[2023-02-07T02:37:27.419] [INFO] devops-prov.edgegrid - response {
  debugId: 1,
  headers: {
    server: 'nginx',
    'content-type': 'application/json;charset=UTF-8',
    'x-ids-session-id': 'ede9726e-9bce-4053-8b35-3fbc90e9d12c, ede9726e-9bce-4053-8b35-3fbc90e9d12c',
    'papi-cache-status': 'CACHE_MISS',
    vary: 'accept-encoding',
    'x-trace-id': 'd9a763e1ffb6cf33',
    'content-length': '852',
    date: 'Tue, 07 Feb 2023 07:37:27 GMT',
    connection: 'close'
  },
  statusCode: 200,
  body: '{\n' +
    '  "versions" : {\n' +
    '    "items" : [ {\n' +
    '      "accountId" : "act_1-6JHGX",\n' +
    '      "contractId" : "ctr_1-1NC95D",\n' +
    '      "assetId" : "aid_11118444",\n' +
    '      "groupId" : "grp_229585",\n' +
    '      "propertyId" : "prp_882559",\n' +
    '      "propertyName" : "qa.saugat_aac",\n' +
    '      "propertyVersion" : 3,\n' +
    '      "updatedByUser" : "ssthapit",\n' +
    '      "updatedDate" : "2023-02-07T07:36:40Z",\n' +
    '      "productionStatus" : "INACTIVE",\n' +
    '      "stagingStatus" : "PENDING"\n' +
    '    }, {\n' +
    '      "accountId" : "act_1-6JHGX",\n' +
    '      "contractId" : "ctr_1-1NC95D",\n' +
    '      "assetId" : "aid_11118444",\n' +
    '      "groupId" : "grp_229585",\n' +
    '      "propertyId" : "prp_882559",\n' +
    '      "propertyName" : "qa.saugat_aac",\n' +
    '      "propertyVersion" : 1,\n' +
    '      "updatedByUser" : "ssthapit",\n' +
    '      "updatedDate" : "2023-02-07T06:54:02Z",\n' +
    '      "productionStatus" : "INACTIVE",\n' +
    '      "stagingStatus" : "ACTIVE"\n' +
    '    } ]\n' +
    '  }\n' +
    '}'
}
[2023-02-07T02:37:27.419] [INFO] devops-prov.openclient - Status code:  200
[2023-02-07T02:37:27.419] [INFO] devops-prov.openclient - Body:  {
  "versions" : {
    "items" : [ {
      "accountId" : "act_1-6JHGX",
      "contractId" : "ctr_1-1NC95D",
      "assetId" : "aid_11118444",
      "groupId" : "grp_229585",
      "propertyId" : "prp_882559",
      "propertyName" : "qa.saugat_aac",
      "propertyVersion" : 3,
      "updatedByUser" : "ssthapit",
      "updatedDate" : "2023-02-07T07:36:40Z",
      "productionStatus" : "INACTIVE",
      "stagingStatus" : "PENDING"
    }, {
      "accountId" : "act_1-6JHGX",
      "contractId" : "ctr_1-1NC95D",
      "assetId" : "aid_11118444",
      "groupId" : "grp_229585",
      "propertyId" : "prp_882559",
      "propertyName" : "qa.saugat_aac",
      "propertyVersion" : 1,
      "updatedByUser" : "ssthapit",
      "updatedDate" : "2023-02-07T06:54:02Z",
      "productionStatus" : "INACTIVE",
      "stagingStatus" : "ACTIVE"
    } ]
  }
}
[2023-02-07T02:48:06.935] [INFO] devops-prov.factory - Switching account key to: '1-6JHGX:1-8BYUX'
[2023-02-07T02:48:06.936] [INFO] devops-prov.factory - Switching account key to: '1-6JHGX:1-8BYUX'
[2023-02-07T02:48:06.936] [INFO] devops-prov.factory - Using credentials file: '/Users/ssthapit/.edgerc', section: 'default'
[2023-02-07T02:48:06.937] [INFO] devops-prov.factory - need to create papi
[2023-02-07T02:48:06.938] [INFO] devops-prov.openclient - Requesting: POST /papi/v1/search/find-by-value
[2023-02-07T02:48:06.941] [INFO] devops-prov.edgegrid.auth - Unsigned authorization header: EG1-HMAC-SHA256 client_token=akab-pt4plkq5tgbewlra-sm45e4fgmrmwmdk4;access_token=akab-5v2lvh4ars7cwayb-cjtmw2llyzv6gcsc;timestamp=20230207T07:48:06+0000;nonce=b5080a6b-0d48-49d8-88df-d9b6c77d42b1;

[2023-02-07T02:48:06.942] [INFO] devops-prov.edgegrid.helpers - Body is "{"propertyName":"qa.saugat_aac"}"
[2023-02-07T02:48:06.942] [DEBUG] devops-prov.edgegrid.helpers - PREPARED BODY LENGTH 32
[2023-02-07T02:48:06.942] [INFO] devops-prov.edgegrid.helpers - Signing content: "{"propertyName":"qa.saugat_aac"}"
[2023-02-07T02:48:06.942] [DEBUG] devops-prov.edgegrid.helpers - PREPARED BODY {"propertyName":"qa.saugat_aac"}
[2023-02-07T02:48:06.942] [INFO] devops-prov.edgegrid.helpers - Content hash is "QODVHdzGtTBNsT/Pn0jVlFwr7ALcOgXp2DL22ZEdXWo="
[2023-02-07T02:48:06.943] [INFO] devops-prov.edgegrid.helpers - Data to sign: "POST	https	akab-numzaxpgbyoaqv2t-vq6oupp3eexdfws7.luna.akamaiapis.net	/papi/v1/search/find-by-value?accountSwitchKey=1-6JHGX:1-8BYUX		QODVHdzGtTBNsT/Pn0jVlFwr7ALcOgXp2DL22ZEdXWo=	EG1-HMAC-SHA256 client_token=akab-pt4plkq5tgbewlra-sm45e4fgmrmwmdk4;access_token=akab-5v2lvh4ars7cwayb-cjtmw2llyzv6gcsc;timestamp=20230207T07:48:06+0000;nonce=b5080a6b-0d48-49d8-88df-d9b6c77d42b1;" 

[2023-02-07T02:48:06.943] [INFO] devops-prov.edgegrid.helpers - Signing key: ZTmIsE4SiernREW47qfQfvoXpaW5Z9KYXmz4JSuwIU0=

[2023-02-07T02:48:06.943] [INFO] devops-prov.edgegrid.auth - Signed authorization header: EG1-HMAC-SHA256 client_token=akab-pt4plkq5tgbewlra-sm45e4fgmrmwmdk4;access_token=akab-5v2lvh4ars7cwayb-cjtmw2llyzv6gcsc;timestamp=20230207T07:48:06+0000;nonce=b5080a6b-0d48-49d8-88df-d9b6c77d42b1;signature=34V95y4r86ZSNK7TFKbX8eGrqoT4MSmCYWbDNK16ckY=

[2023-02-07T02:48:06.961] [INFO] devops-prov.edgegrid - request {
  debugId: 1,
  uri: 'https://akab-numzaxpgbyoaqv2t-vq6oupp3eexdfws7.luna.akamaiapis.net/papi/v1/search/find-by-value?accountSwitchKey=1-6JHGX:1-8BYUX',
  method: 'POST',
  headers: {
    'X-User-Agent': 'Akamai-PD; Version=0.7.8-RELEASE;pm-cli;',
    'User-Agent': 'Akamai-PD; Version=0.7.8-RELEASE;pm-cli;',
    'Content-Type': 'application/json',
    Authorization: 'EG1-HMAC-SHA256 client_token=akab-pt4plkq5tgbewlra-sm45e4fgmrmwmdk4;access_token=akab-5v2lvh4ars7cwayb-cjtmw2llyzv6gcsc;timestamp=20230207T07:48:06+0000;nonce=b5080a6b-0d48-49d8-88df-d9b6c77d42b1;signature=34V95y4r86ZSNK7TFKbX8eGrqoT4MSmCYWbDNK16ckY=',
    host: 'akab-numzaxpgbyoaqv2t-vq6oupp3eexdfws7.luna.akamaiapis.net',
    'content-length': 32
  },
  body: '{"propertyName":"qa.saugat_aac"}'
}
[2023-02-07T02:48:08.555] [INFO] devops-prov.edgegrid - response {
  debugId: 1,
  headers: {
    server: 'nginx',
    'content-type': 'application/json;charset=UTF-8',
    'x-ids-session-id': '67d8c890-da1b-4a7c-a216-f60e00f66307, 67d8c890-da1b-4a7c-a216-f60e00f66307',
    'papi-cache-status': 'CACHE_MISS',
    vary: 'accept-encoding',
    'x-trace-id': 'f0d563e2023793da',
    'content-length': '852',
    date: 'Tue, 07 Feb 2023 07:48:08 GMT',
    connection: 'close'
  },
  statusCode: 200,
  body: '{\n' +
    '  "versions" : {\n' +
    '    "items" : [ {\n' +
    '      "accountId" : "act_1-6JHGX",\n' +
    '      "contractId" : "ctr_1-1NC95D",\n' +
    '      "assetId" : "aid_11118444",\n' +
    '      "groupId" : "grp_229585",\n' +
    '      "propertyId" : "prp_882559",\n' +
    '      "propertyName" : "qa.saugat_aac",\n' +
    '      "propertyVersion" : 4,\n' +
    '      "updatedByUser" : "ssthapit",\n' +
    '      "updatedDate" : "2023-02-07T07:47:50Z",\n' +
    '      "productionStatus" : "INACTIVE",\n' +
    '      "stagingStatus" : "PENDING"\n' +
    '    }, {\n' +
    '      "accountId" : "act_1-6JHGX",\n' +
    '      "contractId" : "ctr_1-1NC95D",\n' +
    '      "assetId" : "aid_11118444",\n' +
    '      "groupId" : "grp_229585",\n' +
    '      "propertyId" : "prp_882559",\n' +
    '      "propertyName" : "qa.saugat_aac",\n' +
    '      "propertyVersion" : 3,\n' +
    '      "updatedByUser" : "ssthapit",\n' +
    '      "updatedDate" : "2023-02-07T07:36:40Z",\n' +
    '      "productionStatus" : "INACTIVE",\n' +
    '      "stagingStatus" : "ACTIVE"\n' +
    '    } ]\n' +
    '  }\n' +
    '}'
}
[2023-02-07T02:48:08.555] [INFO] devops-prov.openclient - Status code:  200
[2023-02-07T02:48:08.556] [INFO] devops-prov.openclient - Body:  {
  "versions" : {
    "items" : [ {
      "accountId" : "act_1-6JHGX",
      "contractId" : "ctr_1-1NC95D",
      "assetId" : "aid_11118444",
      "groupId" : "grp_229585",
      "propertyId" : "prp_882559",
      "propertyName" : "qa.saugat_aac",
      "propertyVersion" : 4,
      "updatedByUser" : "ssthapit",
      "updatedDate" : "2023-02-07T07:47:50Z",
      "productionStatus" : "INACTIVE",
      "stagingStatus" : "PENDING"
    }, {
      "accountId" : "act_1-6JHGX",
      "contractId" : "ctr_1-1NC95D",
      "assetId" : "aid_11118444",
      "groupId" : "grp_229585",
      "propertyId" : "prp_882559",
      "propertyName" : "qa.saugat_aac",
      "propertyVersion" : 3,
      "updatedByUser" : "ssthapit",
      "updatedDate" : "2023-02-07T07:36:40Z",
      "productionStatus" : "INACTIVE",
      "stagingStatus" : "ACTIVE"
    } ]
  }
}
[2023-02-07T02:48:33.476] [INFO] devops-prov.factory - Switching account key to: '1-6JHGX:1-8BYUX'
[2023-02-07T02:48:33.477] [INFO] devops-prov.factory - Switching account key to: '1-6JHGX:1-8BYUX'
[2023-02-07T02:48:33.477] [INFO] devops-prov.factory - Using credentials file: '/Users/ssthapit/.edgerc', section: 'default'
[2023-02-07T02:48:33.478] [INFO] devops-prov.factory - need to create papi
[2023-02-07T02:48:33.478] [INFO] devops-prov.openclient - Requesting: POST /papi/v1/search/find-by-value
[2023-02-07T02:48:33.481] [INFO] devops-prov.edgegrid.auth - Unsigned authorization header: EG1-HMAC-SHA256 client_token=akab-pt4plkq5tgbewlra-sm45e4fgmrmwmdk4;access_token=akab-5v2lvh4ars7cwayb-cjtmw2llyzv6gcsc;timestamp=20230207T07:48:33+0000;nonce=1c15b004-2c99-4f3b-9a72-733065030c55;

[2023-02-07T02:48:33.482] [INFO] devops-prov.edgegrid.helpers - Body is "{"propertyName":"dev.saugat_aac"}"
[2023-02-07T02:48:33.482] [DEBUG] devops-prov.edgegrid.helpers - PREPARED BODY LENGTH 33
[2023-02-07T02:48:33.482] [INFO] devops-prov.edgegrid.helpers - Signing content: "{"propertyName":"dev.saugat_aac"}"
[2023-02-07T02:48:33.482] [DEBUG] devops-prov.edgegrid.helpers - PREPARED BODY {"propertyName":"dev.saugat_aac"}
[2023-02-07T02:48:33.482] [INFO] devops-prov.edgegrid.helpers - Content hash is "B0fz2nR3vrgKBG9NbxSSNRUusVRLkVT2VO0o8DPs94g="
[2023-02-07T02:48:33.482] [INFO] devops-prov.edgegrid.helpers - Data to sign: "POST	https	akab-numzaxpgbyoaqv2t-vq6oupp3eexdfws7.luna.akamaiapis.net	/papi/v1/search/find-by-value?accountSwitchKey=1-6JHGX:1-8BYUX		B0fz2nR3vrgKBG9NbxSSNRUusVRLkVT2VO0o8DPs94g=	EG1-HMAC-SHA256 client_token=akab-pt4plkq5tgbewlra-sm45e4fgmrmwmdk4;access_token=akab-5v2lvh4ars7cwayb-cjtmw2llyzv6gcsc;timestamp=20230207T07:48:33+0000;nonce=1c15b004-2c99-4f3b-9a72-733065030c55;" 

[2023-02-07T02:48:33.483] [INFO] devops-prov.edgegrid.helpers - Signing key: a9N+GUkmh1y1gObueMj7zz/h2pIion5r3MdY/SxiWgw=

[2023-02-07T02:48:33.483] [INFO] devops-prov.edgegrid.auth - Signed authorization header: EG1-HMAC-SHA256 client_token=akab-pt4plkq5tgbewlra-sm45e4fgmrmwmdk4;access_token=akab-5v2lvh4ars7cwayb-cjtmw2llyzv6gcsc;timestamp=20230207T07:48:33+0000;nonce=1c15b004-2c99-4f3b-9a72-733065030c55;signature=ByHVAv9NYVSwD37bt/dXgB3uIDT894BqOcFgvlD1/aQ=

[2023-02-07T02:48:33.498] [INFO] devops-prov.edgegrid - request {
  debugId: 1,
  uri: 'https://akab-numzaxpgbyoaqv2t-vq6oupp3eexdfws7.luna.akamaiapis.net/papi/v1/search/find-by-value?accountSwitchKey=1-6JHGX:1-8BYUX',
  method: 'POST',
  headers: {
    'X-User-Agent': 'Akamai-PD; Version=0.7.8-RELEASE;pm-cli;',
    'User-Agent': 'Akamai-PD; Version=0.7.8-RELEASE;pm-cli;',
    'Content-Type': 'application/json',
    Authorization: 'EG1-HMAC-SHA256 client_token=akab-pt4plkq5tgbewlra-sm45e4fgmrmwmdk4;access_token=akab-5v2lvh4ars7cwayb-cjtmw2llyzv6gcsc;timestamp=20230207T07:48:33+0000;nonce=1c15b004-2c99-4f3b-9a72-733065030c55;signature=ByHVAv9NYVSwD37bt/dXgB3uIDT894BqOcFgvlD1/aQ=',
    host: 'akab-numzaxpgbyoaqv2t-vq6oupp3eexdfws7.luna.akamaiapis.net',
    'content-length': 33
  },
  body: '{"propertyName":"dev.saugat_aac"}'
}
[2023-02-07T02:48:34.770] [INFO] devops-prov.edgegrid - response {
  debugId: 1,
  headers: {
    server: 'nginx',
    'content-type': 'application/json;charset=UTF-8',
    'x-ids-session-id': 'f7a933c0-55f1-4a31-ac9a-ff27e71e061e, f7a933c0-55f1-4a31-ac9a-ff27e71e061e',
    'papi-cache-status': 'CACHE_MISS',
    vary: 'accept-encoding',
    'x-trace-id': 'f5a463e202518d0e',
    'content-length': '452',
    date: 'Tue, 07 Feb 2023 07:48:34 GMT',
    connection: 'close'
  },
  statusCode: 200,
  body: '{\n' +
    '  "versions" : {\n' +
    '    "items" : [ {\n' +
    '      "accountId" : "act_1-6JHGX",\n' +
    '      "contractId" : "ctr_1-1NC95D",\n' +
    '      "assetId" : "aid_11118445",\n' +
    '      "groupId" : "grp_229585",\n' +
    '      "propertyId" : "prp_882560",\n' +
    '      "propertyName" : "dev.saugat_aac",\n' +
    '      "propertyVersion" : 2,\n' +
    '      "updatedByUser" : "ssthapit",\n' +
    '      "updatedDate" : "2023-02-07T07:30:24Z",\n' +
    '      "productionStatus" : "INACTIVE",\n' +
    '      "stagingStatus" : "DEACTIVATED"\n' +
    '    } ]\n' +
    '  }\n' +
    '}'
}
[2023-02-07T02:48:34.770] [INFO] devops-prov.openclient - Status code:  200
[2023-02-07T02:48:34.770] [INFO] devops-prov.openclient - Body:  {
  "versions" : {
    "items" : [ {
      "accountId" : "act_1-6JHGX",
      "contractId" : "ctr_1-1NC95D",
      "assetId" : "aid_11118445",
      "groupId" : "grp_229585",
      "propertyId" : "prp_882560",
      "propertyName" : "dev.saugat_aac",
      "propertyVersion" : 2,
      "updatedByUser" : "ssthapit",
      "updatedDate" : "2023-02-07T07:30:24Z",
      "productionStatus" : "INACTIVE",
      "stagingStatus" : "DEACTIVATED"
    } ]
  }
}
[2023-02-07T02:48:49.682] [INFO] devops-prov.factory - Switching account key to: '1-6JHGX:1-8BYUX'
[2023-02-07T02:48:49.683] [INFO] devops-prov.factory - Switching account key to: '1-6JHGX:1-8BYUX'
[2023-02-07T02:48:49.683] [INFO] devops-prov.factory - Using credentials file: '/Users/ssthapit/.edgerc', section: 'default'
[2023-02-07T02:48:49.683] [INFO] devops-prov.factory - need to create papi
[2023-02-07T02:48:49.684] [INFO] devops-prov.openclient - Requesting: POST /papi/v1/search/find-by-value
[2023-02-07T02:48:49.687] [INFO] devops-prov.edgegrid.auth - Unsigned authorization header: EG1-HMAC-SHA256 client_token=akab-pt4plkq5tgbewlra-sm45e4fgmrmwmdk4;access_token=akab-5v2lvh4ars7cwayb-cjtmw2llyzv6gcsc;timestamp=20230207T07:48:49+0000;nonce=1568f0fc-a1e2-4d5c-b5a6-8594ddc311fc;

[2023-02-07T02:48:49.688] [INFO] devops-prov.edgegrid.helpers - Body is "{"propertyName":"prod.saugat_aac"}"
[2023-02-07T02:48:49.688] [DEBUG] devops-prov.edgegrid.helpers - PREPARED BODY LENGTH 34
[2023-02-07T02:48:49.688] [INFO] devops-prov.edgegrid.helpers - Signing content: "{"propertyName":"prod.saugat_aac"}"
[2023-02-07T02:48:49.688] [DEBUG] devops-prov.edgegrid.helpers - PREPARED BODY {"propertyName":"prod.saugat_aac"}
[2023-02-07T02:48:49.688] [INFO] devops-prov.edgegrid.helpers - Content hash is "ChkopRNII5Ew895jZb5UufHPgrMUAWMlu2S646HDOMQ="
[2023-02-07T02:48:49.688] [INFO] devops-prov.edgegrid.helpers - Data to sign: "POST	https	akab-numzaxpgbyoaqv2t-vq6oupp3eexdfws7.luna.akamaiapis.net	/papi/v1/search/find-by-value?accountSwitchKey=1-6JHGX:1-8BYUX		ChkopRNII5Ew895jZb5UufHPgrMUAWMlu2S646HDOMQ=	EG1-HMAC-SHA256 client_token=akab-pt4plkq5tgbewlra-sm45e4fgmrmwmdk4;access_token=akab-5v2lvh4ars7cwayb-cjtmw2llyzv6gcsc;timestamp=20230207T07:48:49+0000;nonce=1568f0fc-a1e2-4d5c-b5a6-8594ddc311fc;" 

[2023-02-07T02:48:49.689] [INFO] devops-prov.edgegrid.helpers - Signing key: 1cJJefCLR9WcOnPY8Ad5UwO96VnGhu5AvdnYW275yZQ=

[2023-02-07T02:48:49.689] [INFO] devops-prov.edgegrid.auth - Signed authorization header: EG1-HMAC-SHA256 client_token=akab-pt4plkq5tgbewlra-sm45e4fgmrmwmdk4;access_token=akab-5v2lvh4ars7cwayb-cjtmw2llyzv6gcsc;timestamp=20230207T07:48:49+0000;nonce=1568f0fc-a1e2-4d5c-b5a6-8594ddc311fc;signature=N4ULOYNw9K72QtiZCmJZKy0rRYu3XIGZ8RBjOQj3Xic=

[2023-02-07T02:48:49.707] [INFO] devops-prov.edgegrid - request {
  debugId: 1,
  uri: 'https://akab-numzaxpgbyoaqv2t-vq6oupp3eexdfws7.luna.akamaiapis.net/papi/v1/search/find-by-value?accountSwitchKey=1-6JHGX:1-8BYUX',
  method: 'POST',
  headers: {
    'X-User-Agent': 'Akamai-PD; Version=0.7.8-RELEASE;pm-cli;',
    'User-Agent': 'Akamai-PD; Version=0.7.8-RELEASE;pm-cli;',
    'Content-Type': 'application/json',
    Authorization: 'EG1-HMAC-SHA256 client_token=akab-pt4plkq5tgbewlra-sm45e4fgmrmwmdk4;access_token=akab-5v2lvh4ars7cwayb-cjtmw2llyzv6gcsc;timestamp=20230207T07:48:49+0000;nonce=1568f0fc-a1e2-4d5c-b5a6-8594ddc311fc;signature=N4ULOYNw9K72QtiZCmJZKy0rRYu3XIGZ8RBjOQj3Xic=',
    host: 'akab-numzaxpgbyoaqv2t-vq6oupp3eexdfws7.luna.akamaiapis.net',
    'content-length': 34
  },
  body: '{"propertyName":"prod.saugat_aac"}'
}
[2023-02-07T02:48:50.895] [INFO] devops-prov.edgegrid - response {
  debugId: 1,
  headers: {
    server: 'nginx',
    'content-type': 'application/json;charset=UTF-8',
    'x-ids-session-id': '88f318c4-247d-4dda-bda5-a9b7a1a2da60, 88f318c4-247d-4dda-bda5-a9b7a1a2da60',
    'papi-cache-status': 'CACHE_MISS',
    vary: 'accept-encoding',
    'x-trace-id': 'f59b63e202619481',
    'content-length': '453',
    date: 'Tue, 07 Feb 2023 07:48:50 GMT',
    connection: 'close'
  },
  statusCode: 200,
  body: '{\n' +
    '  "versions" : {\n' +
    '    "items" : [ {\n' +
    '      "accountId" : "act_1-6JHGX",\n' +
    '      "contractId" : "ctr_1-1NC95D",\n' +
    '      "assetId" : "aid_11117476",\n' +
    '      "groupId" : "grp_229585",\n' +
    '      "propertyId" : "prp_881724",\n' +
    '      "propertyName" : "prod.saugat_aac",\n' +
    '      "propertyVersion" : 2,\n' +
    '      "updatedByUser" : "ssthapit",\n' +
    '      "updatedDate" : "2023-02-07T06:54:15Z",\n' +
    '      "productionStatus" : "INACTIVE",\n' +
    '      "stagingStatus" : "DEACTIVATED"\n' +
    '    } ]\n' +
    '  }\n' +
    '}'
}
[2023-02-07T02:48:50.896] [INFO] devops-prov.openclient - Status code:  200
[2023-02-07T02:48:50.896] [INFO] devops-prov.openclient - Body:  {
  "versions" : {
    "items" : [ {
      "accountId" : "act_1-6JHGX",
      "contractId" : "ctr_1-1NC95D",
      "assetId" : "aid_11117476",
      "groupId" : "grp_229585",
      "propertyId" : "prp_881724",
      "propertyName" : "prod.saugat_aac",
      "propertyVersion" : 2,
      "updatedByUser" : "ssthapit",
      "updatedDate" : "2023-02-07T06:54:15Z",
      "productionStatus" : "INACTIVE",
      "stagingStatus" : "DEACTIVATED"
    } ]
  }
}
[2023-02-07T12:01:43.991] [INFO] devops-prov.factory - Switching account key to: '1-6JHGX:1-8BYUX'
[2023-02-07T12:01:43.993] [INFO] devops-prov.factory - Switching account key to: '1-6JHGX:1-8BYUX'
[2023-02-07T12:01:43.993] [INFO] devops-prov.factory - Using credentials file: '/Users/ssthapit/.edgerc', section: 'default'
[2023-02-07T12:01:43.993] [INFO] devops-prov.factory - need to create papi
[2023-02-07T12:01:43.994] [INFO] devops-prov.openclient - Requesting: POST /papi/v1/search/find-by-value
[2023-02-07T12:01:43.998] [INFO] devops-prov.edgegrid.auth - Unsigned authorization header: EG1-HMAC-SHA256 client_token=akab-pt4plkq5tgbewlra-sm45e4fgmrmwmdk4;access_token=akab-5v2lvh4ars7cwayb-cjtmw2llyzv6gcsc;timestamp=20230207T17:01:43+0000;nonce=13203325-9335-4287-a403-25e3c7f1129a;

[2023-02-07T12:01:43.998] [INFO] devops-prov.edgegrid.helpers - Body is "{"propertyName":"qa.saugat_aac"}"
[2023-02-07T12:01:43.998] [DEBUG] devops-prov.edgegrid.helpers - PREPARED BODY LENGTH 32
[2023-02-07T12:01:43.999] [INFO] devops-prov.edgegrid.helpers - Signing content: "{"propertyName":"qa.saugat_aac"}"
[2023-02-07T12:01:43.999] [DEBUG] devops-prov.edgegrid.helpers - PREPARED BODY {"propertyName":"qa.saugat_aac"}
[2023-02-07T12:01:43.999] [INFO] devops-prov.edgegrid.helpers - Content hash is "QODVHdzGtTBNsT/Pn0jVlFwr7ALcOgXp2DL22ZEdXWo="
[2023-02-07T12:01:43.999] [INFO] devops-prov.edgegrid.helpers - Data to sign: "POST	https	akab-numzaxpgbyoaqv2t-vq6oupp3eexdfws7.luna.akamaiapis.net	/papi/v1/search/find-by-value?accountSwitchKey=1-6JHGX:1-8BYUX		QODVHdzGtTBNsT/Pn0jVlFwr7ALcOgXp2DL22ZEdXWo=	EG1-HMAC-SHA256 client_token=akab-pt4plkq5tgbewlra-sm45e4fgmrmwmdk4;access_token=akab-5v2lvh4ars7cwayb-cjtmw2llyzv6gcsc;timestamp=20230207T17:01:43+0000;nonce=13203325-9335-4287-a403-25e3c7f1129a;" 

[2023-02-07T12:01:44.000] [INFO] devops-prov.edgegrid.helpers - Signing key: LWOP2wIPgpQCM4U+DR2aBAfCrKnhc4pYdJDvlzbF0zU=

[2023-02-07T12:01:44.000] [INFO] devops-prov.edgegrid.auth - Signed authorization header: EG1-HMAC-SHA256 client_token=akab-pt4plkq5tgbewlra-sm45e4fgmrmwmdk4;access_token=akab-5v2lvh4ars7cwayb-cjtmw2llyzv6gcsc;timestamp=20230207T17:01:43+0000;nonce=13203325-9335-4287-a403-25e3c7f1129a;signature=UUTaWRH14P3wYJ6t904/UGHTlRBhWm04/XL0M/e8hVE=

[2023-02-07T12:01:44.019] [INFO] devops-prov.edgegrid - request {
  debugId: 1,
  uri: 'https://akab-numzaxpgbyoaqv2t-vq6oupp3eexdfws7.luna.akamaiapis.net/papi/v1/search/find-by-value?accountSwitchKey=1-6JHGX:1-8BYUX',
  method: 'POST',
  headers: {
    'X-User-Agent': 'Akamai-PD; Version=0.7.8-RELEASE;pm-cli;',
    'User-Agent': 'Akamai-PD; Version=0.7.8-RELEASE;pm-cli;',
    'Content-Type': 'application/json',
    Authorization: 'EG1-HMAC-SHA256 client_token=akab-pt4plkq5tgbewlra-sm45e4fgmrmwmdk4;access_token=akab-5v2lvh4ars7cwayb-cjtmw2llyzv6gcsc;timestamp=20230207T17:01:43+0000;nonce=13203325-9335-4287-a403-25e3c7f1129a;signature=UUTaWRH14P3wYJ6t904/UGHTlRBhWm04/XL0M/e8hVE=',
    host: 'akab-numzaxpgbyoaqv2t-vq6oupp3eexdfws7.luna.akamaiapis.net',
    'content-length': 32
  },
  body: '{"propertyName":"qa.saugat_aac"}'
}
[2023-02-07T12:01:45.993] [INFO] devops-prov.edgegrid - response {
  debugId: 1,
  headers: {
    server: 'nginx',
    'content-type': 'application/json;charset=UTF-8',
    'x-ids-session-id': '35e6807a-f7a2-4fef-9271-c46fa74133f9, 35e6807a-f7a2-4fef-9271-c46fa74133f9',
    'papi-cache-status': 'CACHE_MISS',
    vary: 'accept-encoding',
    'x-trace-id': '9e2d63e283f80fda',
    'content-length': '851',
    date: 'Tue, 07 Feb 2023 17:01:45 GMT',
    connection: 'close'
  },
  statusCode: 200,
  body: '{\n' +
    '  "versions" : {\n' +
    '    "items" : [ {\n' +
    '      "accountId" : "act_1-6JHGX",\n' +
    '      "contractId" : "ctr_1-1NC95D",\n' +
    '      "assetId" : "aid_11118444",\n' +
    '      "groupId" : "grp_229585",\n' +
    '      "propertyId" : "prp_882559",\n' +
    '      "propertyName" : "qa.saugat_aac",\n' +
    '      "propertyVersion" : 5,\n' +
    '      "updatedByUser" : "ssthapit",\n' +
    '      "updatedDate" : "2023-02-07T07:58:51Z",\n' +
    '      "productionStatus" : "INACTIVE",\n' +
    '      "stagingStatus" : "ACTIVE"\n' +
    '    }, {\n' +
    '      "accountId" : "act_1-6JHGX",\n' +
    '      "contractId" : "ctr_1-1NC95D",\n' +
    '      "assetId" : "aid_11118444",\n' +
    '      "groupId" : "grp_229585",\n' +
    '      "propertyId" : "prp_882559",\n' +
    '      "propertyName" : "qa.saugat_aac",\n' +
    '      "propertyVersion" : 6,\n' +
    '      "updatedByUser" : "ssthapit",\n' +
    '      "updatedDate" : "2023-02-07T08:35:37Z",\n' +
    '      "productionStatus" : "ACTIVE",\n' +
    '      "stagingStatus" : "INACTIVE"\n' +
    '    } ]\n' +
    '  }\n' +
    '}'
}
[2023-02-07T12:01:45.993] [INFO] devops-prov.openclient - Status code:  200
[2023-02-07T12:01:45.993] [INFO] devops-prov.openclient - Body:  {
  "versions" : {
    "items" : [ {
      "accountId" : "act_1-6JHGX",
      "contractId" : "ctr_1-1NC95D",
      "assetId" : "aid_11118444",
      "groupId" : "grp_229585",
      "propertyId" : "prp_882559",
      "propertyName" : "qa.saugat_aac",
      "propertyVersion" : 5,
      "updatedByUser" : "ssthapit",
      "updatedDate" : "2023-02-07T07:58:51Z",
      "productionStatus" : "INACTIVE",
      "stagingStatus" : "ACTIVE"
    }, {
      "accountId" : "act_1-6JHGX",
      "contractId" : "ctr_1-1NC95D",
      "assetId" : "aid_11118444",
      "groupId" : "grp_229585",
      "propertyId" : "prp_882559",
      "propertyName" : "qa.saugat_aac",
      "propertyVersion" : 6,
      "updatedByUser" : "ssthapit",
      "updatedDate" : "2023-02-07T08:35:37Z",
      "productionStatus" : "ACTIVE",
      "stagingStatus" : "INACTIVE"
    } ]
  }
}
